0 info it worked if it ends with ok
1 verbose cli [ '/home/ubuntu/.nvm/v0.10.35/bin/node',
1 verbose cli   '/home/ubuntu/.nvm/v0.10.35/bin/npm',
1 verbose cli   'install',
1 verbose cli   'socket,io' ]
2 info using npm@1.4.28
3 info using node@v0.10.35
4 verbose cache add [ 'socket,io', null ]
5 verbose cache add name=undefined spec="socket,io" args=["socket,io",null]
6 verbose parsed url { protocol: null,
6 verbose parsed url   slashes: null,
6 verbose parsed url   auth: null,
6 verbose parsed url   host: null,
6 verbose parsed url   port: null,
6 verbose parsed url   hostname: null,
6 verbose parsed url   hash: null,
6 verbose parsed url   search: null,
6 verbose parsed url   query: null,
6 verbose parsed url   pathname: 'socket,io',
6 verbose parsed url   path: 'socket,io',
6 verbose parsed url   href: 'socket,io' }
7 silly lockFile 021dacc6-socket-io socket,io
8 verbose lock socket,io /home/ubuntu/.npm/021dacc6-socket-io.lock
9 silly lockFile 021dacc6-socket-io socket,io
10 silly lockFile 021dacc6-socket-io socket,io
11 verbose addNamed [ 'socket,io', '' ]
12 verbose addNamed [ null, '*' ]
13 silly lockFile e1daa8fd-socket-io socket,io@
14 verbose lock socket,io@ /home/ubuntu/.npm/e1daa8fd-socket-io.lock
15 silly addNameRange { name: 'socket,io', range: '*', hasData: false }
16 verbose request where is /socket,io
17 verbose request registry https://registry.npmjs.org/
18 verbose request id ade2b2fd6486f3f8
19 verbose url raw /socket,io
20 verbose url resolving [ 'https://registry.npmjs.org/', './socket%2Cio' ]
21 verbose url resolved https://registry.npmjs.org/socket%2Cio
22 verbose request where is https://registry.npmjs.org/socket%2Cio
23 info trying registry request attempt 1 at 23:28:04
24 http GET https://registry.npmjs.org/socket%2Cio
25 http 404 https://registry.npmjs.org/socket%2Cio
26 silly registry.get cb [ 404,
26 silly registry.get   { 'content-type': 'application/json',
26 silly registry.get     'cache-control': 'max-age=0',
26 silly registry.get     'content-length': '2',
26 silly registry.get     'accept-ranges': 'bytes',
26 silly registry.get     date: 'Sat, 10 Oct 2015 23:28:04 GMT',
26 silly registry.get     via: '1.1 varnish',
26 silly registry.get     age: '0',
26 silly registry.get     connection: 'keep-alive',
26 silly registry.get     'x-served-by': 'cache-dfw1823-DFW',
26 silly registry.get     'x-cache': 'MISS',
26 silly registry.get     'x-cache-hits': '0',
26 silly registry.get     'x-timer': 'S1444519684.243559,VS0,VE269' } ]
27 silly lockFile e1daa8fd-socket-io socket,io@
28 silly lockFile e1daa8fd-socket-io socket,io@
29 error 404 Not Found
29 error 404
29 error 404 'socket,io' is not in the npm registry.
29 error 404 You should bug the author to publish it
29 error 404
29 error 404 Note that you can also install from a
29 error 404 tarball, folder, or http url, or git url.
30 error System Linux 4.2.0-c9
31 error command "/home/ubuntu/.nvm/v0.10.35/bin/node" "/home/ubuntu/.nvm/v0.10.35/bin/npm" "install" "socket,io"
32 error cwd /home/ubuntu/workspace
33 error node -v v0.10.35
34 error npm -v 1.4.28
35 error code E404
36 verbose exit [ 1, true ]
